<?xml version="1.0" encoding="UTF-8"?>
<!-- Generated by org.testng.reporters.JUnitReportReporter -->
<testsuite hostname="Robert" failures="0" tests="4" name="Ac.zNewFormTest" time="26.521" errors="0" timestamp="2025-02-11T11:27:03 IST" skipped="0">
  <testcase classname="Ac.zNewFormTest" name="t2" time="4.803"/>
  <system-out/>
  <testcase classname="Ac.zNewFormTest" name="t2" time="8.770"/>
  <system-out/>
  <testcase classname="Ac.zNewFormTest" name="t" time="8.203"/>
  <system-out/>
  <testcase classname="Ac.zNewFormTest" name="t" time="4.745"/>
  <system-out/>
</testsuite> <!-- Ac.zNewFormTest -->
